0 info it worked if it ends with ok
1 verbose cli [
1 verbose cli   'C:\\Program Files\\nodejs\\node.exe',
1 verbose cli   'C:\\Program Files\\nodejs\\node_modules\\npm\\bin\\npm-cli.js',
1 verbose cli   'run',
1 verbose cli   'start:dev'
1 verbose cli ]
2 info using npm@6.14.10
3 info using node@v14.15.4
4 verbose run-script [ 'prestart:dev', 'start:dev', 'poststart:dev' ]
5 info lifecycle mern@1.0.0~prestart:dev: mern@1.0.0
6 info lifecycle mern@1.0.0~start:dev: mern@1.0.0
7 verbose lifecycle mern@1.0.0~start:dev: unsafe-perm in lifecycle true
8 verbose lifecycle mern@1.0.0~start:dev: PATH: C:\Program Files\nodejs\node_modules\npm\node_modules\npm-lifecycle\node-gyp-bin;C:\Users\Kenneth-Keller\Bootcamp\Project-3\Prayer-Path\node_modules\.bin;C:\Program Files\nodejs\node_modules\npm\node_modules\npm-lifecycle\node-gyp-bin;C:\Users\Kenneth-Keller\Bootcamp\Project-3\Prayer-Path\node_modules\.bin;C:\Program Files\Git\mingw64\bin;C:\Program Files\Git\usr\bin;C:\Users\Kenneth Keller\bin;C:\Python39\Scripts;C:\Python39;C:\windows\system32;C:\windows;C:\windows\System32\Wbem;C:\windows\System32\WindowsPowerShell\v1.0;C:\windows\System32\OpenSSH;C:\Program Files\Git\cmd;C:\Program Files\nodejs;C:\ProgramData\chocolatey\bin;C:\Users\Kenneth Keller\AppData\Local\Microsoft\WindowsApps;C:\Users\Kenneth Keller\AppData\Local\Programs\Microsoft VS Code\bin;C:\Users\Kenneth Keller\AppData\Roaming\npm;C:\Program Files\MySQL\MySQL Server 8.0\bin;C:\Program Files\heroku\bin;C:\Program Files\MongoDB\Server\4.4\bin
9 verbose lifecycle mern@1.0.0~start:dev: CWD: C:\Users\Kenneth-Keller\Bootcamp\Project-3\Prayer-Path
10 silly lifecycle mern@1.0.0~start:dev: Args: [
10 silly lifecycle   '/d /s /c',
10 silly lifecycle   `concurrently "nodemon --ignore 'client/*'" "npm run client"`
10 silly lifecycle ]
11 silly lifecycle mern@1.0.0~start:dev: Returned: code: 1  signal: null
12 info lifecycle mern@1.0.0~start:dev: Failed to exec start:dev script
13 verbose stack Error: mern@1.0.0 start:dev: `concurrently "nodemon --ignore 'client/*'" "npm run client"`
13 verbose stack Exit status 1
13 verbose stack     at EventEmitter.<anonymous> (C:\Program Files\nodejs\node_modules\npm\node_modules\npm-lifecycle\index.js:332:16)
13 verbose stack     at EventEmitter.emit (events.js:315:20)
13 verbose stack     at ChildProcess.<anonymous> (C:\Program Files\nodejs\node_modules\npm\node_modules\npm-lifecycle\lib\spawn.js:55:14)
13 verbose stack     at ChildProcess.emit (events.js:315:20)
13 verbose stack     at maybeClose (internal/child_process.js:1048:16)
13 verbose stack     at Process.ChildProcess._handle.onexit (internal/child_process.js:288:5)
14 verbose pkgid mern@1.0.0
15 verbose cwd C:\Users\Kenneth-Keller\Bootcamp\Project-3\Prayer-Path
16 verbose Windows_NT 10.0.19042
17 verbose argv "C:\\Program Files\\nodejs\\node.exe" "C:\\Program Files\\nodejs\\node_modules\\npm\\bin\\npm-cli.js" "run" "start:dev"
18 verbose node v14.15.4
19 verbose npm  v6.14.10
20 error code ELIFECYCLE
21 error errno 1
22 error mern@1.0.0 start:dev: `concurrently "nodemon --ignore 'client/*'" "npm run client"`
22 error Exit status 1
23 error Failed at the mern@1.0.0 start:dev script.
23 error This is probably not a problem with npm. There is likely additional logging output above.
24 verbose exit [ 1, true ]
